<?xml version="1.0" encoding="UTF-8"?>
<testsuite name="classproject.dearme.DearmeApplicationTests" tests="1" skipped="0" failures="0" errors="0" timestamp="2023-05-16T02:14:40" hostname="DESKTOP-FJ99UPN" time="0.108">
  <properties/>
  <testcase name="contextLoads()" classname="classproject.dearme.DearmeApplicationTests" time="0.108"/>
  <system-out><![CDATA[11:14:34.524 [Test worker] DEBUG org.springframework.test.context.BootstrapUtils - Instantiating CacheAwareContextLoaderDelegate from class [org.springframework.test.context.cache.DefaultCacheAwareContextLoaderDelegate]
11:14:34.536 [Test worker] DEBUG org.springframework.test.context.BootstrapUtils - Instantiating BootstrapContext using constructor [public org.springframework.test.context.support.DefaultBootstrapContext(java.lang.Class,org.springframework.test.context.CacheAwareContextLoaderDelegate)]
11:14:34.568 [Test worker] DEBUG org.springframework.test.context.BootstrapUtils - Instantiating TestContextBootstrapper for test class [classproject.dearme.DearmeApplicationTests] from class [org.springframework.boot.test.context.SpringBootTestContextBootstrapper]
11:14:34.579 [Test worker] INFO org.springframework.boot.test.context.SpringBootTestContextBootstrapper - Neither @ContextConfiguration nor @ContextHierarchy found for test class [classproject.dearme.DearmeApplicationTests], using SpringBootContextLoader
11:14:34.583 [Test worker] DEBUG org.springframework.test.context.support.AbstractContextLoader - Did not detect default resource location for test class [classproject.dearme.DearmeApplicationTests]: class path resource [classproject/dearme/DearmeApplicationTests-context.xml] does not exist
11:14:34.584 [Test worker] DEBUG org.springframework.test.context.support.AbstractContextLoader - Did not detect default resource location for test class [classproject.dearme.DearmeApplicationTests]: class path resource [classproject/dearme/DearmeApplicationTestsContext.groovy] does not exist
11:14:34.584 [Test worker] INFO org.springframework.test.context.support.AbstractContextLoader - Could not detect default resource locations for test class [classproject.dearme.DearmeApplicationTests]: no resource found for suffixes {-context.xml, Context.groovy}.
11:14:34.585 [Test worker] INFO org.springframework.test.context.support.AnnotationConfigContextLoaderUtils - Could not detect default configuration classes for test class [classproject.dearme.DearmeApplicationTests]: DearmeApplicationTests does not declare any static, non-private, non-final, nested classes annotated with @Configuration.
11:14:34.626 [Test worker] DEBUG org.springframework.test.context.support.ActiveProfilesUtils - Could not find an 'annotation declaring class' for annotation type [org.springframework.test.context.ActiveProfiles] and class [classproject.dearme.DearmeApplicationTests]
11:14:34.697 [Test worker] DEBUG org.springframework.context.annotation.ClassPathScanningCandidateComponentProvider - Identified candidate component class: file [C:\Users\aa\Desktop\my github\DearMeClassProject\dearme\build\classes\java\main\classproject\dearme\DearmeApplication.class]
11:14:34.699 [Test worker] INFO org.springframework.boot.test.context.SpringBootTestContextBootstrapper - Found @SpringBootConfiguration classproject.dearme.DearmeApplication for test class classproject.dearme.DearmeApplicationTests
11:14:34.821 [Test worker] DEBUG org.springframework.boot.test.context.SpringBootTestContextBootstrapper - @TestExecutionListeners is not present for class [classproject.dearme.DearmeApplicationTests]: using defaults.
11:14:34.821 [Test worker] INFO org.springframework.boot.test.context.SpringBootTestContextBootstrapper - Loaded default TestExecutionListener class names from location [META-INF/spring.factories]: [org.springframework.security.test.context.support.WithSecurityContextTestExecutionListener, org.springframework.security.test.context.support.ReactorContextTestExecutionListener, org.springframework.boot.test.autoconfigure.restdocs.RestDocsTestExecutionListener, org.springframework.boot.test.autoconfigure.web.client.MockRestServiceServerResetTestExecutionListener, org.springframework.boot.test.autoconfigure.web.servlet.MockMvcPrintOnlyOnFailureTestExecutionListener, org.springframework.boot.test.autoconfigure.web.servlet.WebDriverTestExecutionListener, org.springframework.boot.test.autoconfigure.webservices.client.MockWebServiceServerTestExecutionListener, org.springframework.boot.test.mock.mockito.MockitoTestExecutionListener, org.springframework.boot.test.mock.mockito.ResetMocksTestExecutionListener, org.springframework.test.context.web.ServletTestExecutionListener, org.springframework.test.context.support.DirtiesContextBeforeModesTestExecutionListener, org.springframework.test.context.event.ApplicationEventsTestExecutionListener, org.springframework.test.context.support.DependencyInjectionTestExecutionListener, org.springframework.test.context.support.DirtiesContextTestExecutionListener, org.springframework.test.context.transaction.TransactionalTestExecutionListener, org.springframework.test.context.jdbc.SqlScriptsTestExecutionListener, org.springframework.test.context.event.EventPublishingTestExecutionListener]
11:14:34.843 [Test worker] INFO org.springframework.boot.test.context.SpringBootTestContextBootstrapper - Using TestExecutionListeners: [org.springframework.test.context.web.ServletTestExecutionListener@1deb2c43, org.springframework.test.context.support.DirtiesContextBeforeModesTestExecutionListener@3bb9efbc, org.springframework.test.context.event.ApplicationEventsTestExecutionListener@1cefc4b3, org.springframework.boot.test.mock.mockito.MockitoTestExecutionListener@2b27cc70, org.springframework.boot.test.autoconfigure.SpringBootDependencyInjectionTestExecutionListener@6f6a7463, org.springframework.test.context.support.DirtiesContextTestExecutionListener@1bdaa23d, org.springframework.test.context.transaction.TransactionalTestExecutionListener@79f227a9, org.springframework.test.context.jdbc.SqlScriptsTestExecutionListener@6ca320ab, org.springframework.security.test.context.support.WithSecurityContextTestExecutionListener@50d68830, org.springframework.test.context.event.EventPublishingTestExecutionListener@1e53135d, org.springframework.security.test.context.support.ReactorContextTestExecutionListener@7674a051, org.springframework.boot.test.autoconfigure.restdocs.RestDocsTestExecutionListener@3a7704c, org.springframework.boot.test.autoconfigure.web.client.MockRestServiceServerResetTestExecutionListener@6754ef00, org.springframework.boot.test.autoconfigure.web.servlet.MockMvcPrintOnlyOnFailureTestExecutionListener@619bd14c, org.springframework.boot.test.autoconfigure.web.servlet.WebDriverTestExecutionListener@323e8306, org.springframework.boot.test.autoconfigure.webservices.client.MockWebServiceServerTestExecutionListener@a23a01d, org.springframework.boot.test.mock.mockito.ResetMocksTestExecutionListener@4acf72b6]
11:14:34.846 [Test worker] DEBUG org.springframework.test.context.support.AbstractDirtiesContextTestExecutionListener - Before test class: context [DefaultTestContext@26f143ed testClass = DearmeApplicationTests, testInstance = [null], testMethod = [null], testException = [null], mergedContextConfiguration = [WebMergedContextConfiguration@3c1e3314 testClass = DearmeApplicationTests, locations = '{}', classes = '{class classproject.dearme.DearmeApplication}', contextInitializerClasses = '[]', activeProfiles = '{}', propertySourceLocations = '{}', propertySourceProperties = '{org.springframework.boot.test.context.SpringBootTestContextBootstrapper=true}', contextCustomizers = set[org.springframework.boot.test.autoconfigure.actuate.metrics.MetricsExportContextCustomizerFactory$DisableMetricExportContextCustomizer@5b444398, org.springframework.boot.test.autoconfigure.properties.PropertyMappingContextCustomizer@0, org.springframework.boot.test.autoconfigure.web.servlet.WebDriverContextCustomizerFactory$Customizer@40c80397, org.springframework.boot.test.context.filter.ExcludeFilterContextCustomizer@7c2b6087, org.springframework.boot.test.json.DuplicateJsonObjectContextCustomizerFactory$DuplicateJsonObjectContextCustomizer@7b324585, org.springframework.boot.test.mock.mockito.MockitoContextCustomizer@0, org.springframework.boot.test.web.client.TestRestTemplateContextCustomizer@dcfda20, org.springframework.boot.test.context.SpringBootTestArgs@1, org.springframework.boot.test.context.SpringBootTestWebEnvironment@48b67364], resourceBasePath = 'src/main/webapp', contextLoader = 'org.springframework.boot.test.context.SpringBootContextLoader', parent = [null]], attributes = map['org.springframework.test.context.web.ServletTestExecutionListener.activateListener' -> true]], class annotated with @DirtiesContext [false] with mode [null].

  .   ____          _            __ _ _
 /\\ / ___'_ __ _ _(_)_ __  __ _ \ \ \ \
( ( )\___ | '_ | '_| | '_ \/ _` | \ \ \ \
 \\/  ___)| |_)| | | | | || (_| |  ) ) ) )
  '  |____| .__|_| |_|_| |_\__, | / / / /
 =========|_|==============|___/=/_/_/_/
 :: Spring Boot ::               (v2.7.11)

2023-05-16 11:14:35.222  INFO 16248 --- [    Test worker] c.dearme.DearmeApplicationTests          : Starting DearmeApplicationTests using Java 11.0.15 on DESKTOP-FJ99UPN with PID 16248 (started by aa in C:\Users\aa\Desktop\my github\DearMeClassProject\dearme)
2023-05-16 11:14:35.224  INFO 16248 --- [    Test worker] c.dearme.DearmeApplicationTests          : No active profile set, falling back to 1 default profile: "default"
2023-05-16 11:14:36.184  INFO 16248 --- [    Test worker] .s.d.r.c.RepositoryConfigurationDelegate : Bootstrapping Spring Data JPA repositories in DEFAULT mode.
2023-05-16 11:14:36.254  INFO 16248 --- [    Test worker] .s.d.r.c.RepositoryConfigurationDelegate : Finished Spring Data repository scanning in 63 ms. Found 5 JPA repository interfaces.
2023-05-16 11:14:36.837  INFO 16248 --- [    Test worker] com.zaxxer.hikari.HikariDataSource       : HikariPool-1 - Starting...
2023-05-16 11:14:37.101  INFO 16248 --- [    Test worker] com.zaxxer.hikari.HikariDataSource       : HikariPool-1 - Start completed.
2023-05-16 11:14:37.196  INFO 16248 --- [    Test worker] o.hibernate.jpa.internal.util.LogHelper  : HHH000204: Processing PersistenceUnitInfo [name: default]
2023-05-16 11:14:37.267  INFO 16248 --- [    Test worker] org.hibernate.Version                    : HHH000412: Hibernate ORM core version 5.6.15.Final
2023-05-16 11:14:37.487  INFO 16248 --- [    Test worker] o.hibernate.annotations.common.Version   : HCANN000001: Hibernate Commons Annotations {5.1.2.Final}
2023-05-16 11:14:37.649  INFO 16248 --- [    Test worker] org.hibernate.dialect.Dialect            : HHH000400: Using dialect: org.hibernate.dialect.H2Dialect
2023-05-16 11:14:38.369  INFO 16248 --- [    Test worker] o.h.e.t.j.p.i.JtaPlatformInitiator       : HHH000490: Using JtaPlatform implementation: [org.hibernate.engine.transaction.jta.platform.internal.NoJtaPlatform]
2023-05-16 11:14:38.378  INFO 16248 --- [    Test worker] j.LocalContainerEntityManagerFactoryBean : Initialized JPA EntityManagerFactory for persistence unit 'default'
2023-05-16 11:14:39.363  WARN 16248 --- [    Test worker] JpaBaseConfiguration$JpaWebConfiguration : spring.jpa.open-in-view is enabled by default. Therefore, database queries may be performed during view rendering. Explicitly configure spring.jpa.open-in-view to disable this warning
2023-05-16 11:14:40.547  INFO 16248 --- [    Test worker] c.dearme.DearmeApplicationTests          : Started DearmeApplicationTests in 5.663 seconds (JVM running for 6.992)
]]></system-out>
  <system-err><![CDATA[]]></system-err>
</testsuite>
